# JRE version: OpenJDK Runtime Environment (11.0.6+10) (build 11.0.6+10)
# Java VM: OpenJDK 64-Bit Server VM (11.0.6+10, mixed mode, tiered, compressed oops, g1 gc, windows-amd64)
Heap:
 garbage-first heap   total 65536K, used 33189K [0x00000000e0000000, 0x0000000100000000)
  region size 1024K, 26 young (26624K), 2 survivors (2048K)
 Metaspace       used 25287K, capacity 26231K, committed 26288K, reserved 1073152K
  class space    used 2985K, capacity 3326K, committed 3328K, reserved 1048576K
GC Heap History (8 events):
Event: 1.063 GC heap before
{Heap before GC invocations=0 (full 0):
 garbage-first heap   total 65536K, used 13312K [0x00000000e0000000, 0x0000000100000000)
  region size 1024K, 14 young (14336K), 0 survivors (0K)
 Metaspace       used 8195K, capacity 8312K, committed 8576K, reserved 1056768K
  class space    used 796K, capacity 854K, committed 896K, reserved 1048576K
}
Event: 1.081 GC heap after
{Heap after GC invocations=1 (full 0):
 garbage-first heap   total 65536K, used 4754K [0x00000000e0000000, 0x0000000100000000)
  region size 1024K, 2 young (2048K), 2 survivors (2048K)
 Metaspace       used 8195K, capacity 8312K, committed 8576K, reserved 1056768K
  class space    used 796K, capacity 854K, committed 896K, reserved 1048576K
}
Event: 2.540 GC heap before
{Heap before GC invocations=1 (full 0):
 garbage-first heap   total 65536K, used 13970K [0x00000000e0000000, 0x0000000100000000)
  region size 1024K, 11 young (11264K), 2 survivors (2048K)
 Metaspace       used 12612K, capacity 12931K, committed 13056K, reserved 1060864K
  class space    used 1355K, capacity 1471K, committed 1536K, reserved 1048576K
}
Event: 2.554 GC heap after
{Heap after GC invocations=2 (full 0):
 garbage-first heap   total 65536K, used 5804K [0x00000000e0000000, 0x0000000100000000)
  region size 1024K, 1 young (1024K), 1 survivors (1024K)
 Metaspace       used 12612K, capacity 12931K, committed 13056K, reserved 1060864K
  class space    used 1355K, capacity 1471K, committed 1536K, reserved 1048576K
}
Event: 4.673 GC heap before
{Heap before GC invocations=2 (full 0):
 garbage-first heap   total 65536K, used 26284K [0x00000000e0000000, 0x0000000100000000)
  region size 1024K, 22 young (22528K), 1 survivors (1024K)
 Metaspace       used 18565K, capacity 19252K, committed 19584K, reserved 1067008K
  class space    used 2080K, capacity 2353K, committed 2432K, reserved 1048576K
}
Event: 4.687 GC heap after
{Heap after GC invocations=3 (full 0):
 garbage-first heap   total 65536K, used 8370K [0x00000000e0000000, 0x0000000100000000)
  region size 1024K, 3 young (3072K), 3 survivors (3072K)
 Metaspace       used 18565K, capacity 19252K, committed 19584K, reserved 1067008K
  class space    used 2080K, capacity 2353K, committed 2432K, reserved 1048576K
}
Event: 5.372 GC heap before
{Heap before GC invocations=3 (full 0):
 garbage-first heap   total 65536K, used 18610K [0x00000000e0000000, 0x0000000100000000)
  region size 1024K, 15 young (15360K), 3 survivors (3072K)
 Metaspace       used 20504K, capacity 21134K, committed 21296K, reserved 1069056K
  class space    used 2351K, capacity 2617K, committed 2688K, reserved 1048576K
}
Event: 5.411 GC heap after
{Heap after GC invocations=4 (full 0):
 garbage-first heap   total 65536K, used 9637K [0x00000000e0000000, 0x0000000100000000)
  region size 1024K, 2 young (2048K), 2 survivors (2048K)
 Metaspace       used 20504K, capacity 21134K, committed 21296K, reserved 1069056K
  class space    used 2351K, capacity 2617K, committed 2688K, reserved 1048576K
}

