# JRE version: OpenJDK Runtime Environment (11.0.6+10) (build 11.0.6+10)
# Java VM: OpenJDK 64-Bit Server VM (11.0.6+10, mixed mode, tiered, compressed oops, g1 gc, windows-amd64)
Heap:
 garbage-first heap   total 65536K, used 22051K [0x00000000e0000000, 0x0000000100000000)
  region size 1024K, 8 young (8192K), 4 survivors (4096K)
 Metaspace       used 31806K, capacity 32405K, committed 32640K, reserved 282624K
  class space    used 3903K, capacity 4120K, committed 4224K, reserved 253952K
GC Heap History (14 events):
Event: 2.339 GC heap before
{Heap before GC invocations=0 (full 0):
 garbage-first heap   total 65536K, used 16384K [0x00000000e0000000, 0x0000000100000000)
  region size 1024K, 14 young (14336K), 0 survivors (0K)
 Metaspace       used 9581K, capacity 9842K, committed 10112K, reserved 264192K
  class space    used 973K, capacity 1026K, committed 1152K, reserved 253952K
}
Event: 2.359 GC heap after
{Heap after GC invocations=1 (full 0):
 garbage-first heap   total 65536K, used 7310K [0x00000000e0000000, 0x0000000100000000)
  region size 1024K, 2 young (2048K), 2 survivors (2048K)
 Metaspace       used 9581K, capacity 9842K, committed 10112K, reserved 264192K
  class space    used 973K, capacity 1026K, committed 1152K, reserved 253952K
}
Event: 3.049 GC heap before
{Heap before GC invocations=1 (full 0):
 garbage-first heap   total 65536K, used 17550K [0x00000000e0000000, 0x0000000100000000)
  region size 1024K, 12 young (12288K), 2 survivors (2048K)
 Metaspace       used 10654K, capacity 10921K, committed 11008K, reserved 264192K
  class space    used 1116K, capacity 1193K, committed 1280K, reserved 253952K
}
Event: 3.065 GC heap after
{Heap after GC invocations=2 (full 0):
 garbage-first heap   total 65536K, used 8086K [0x00000000e0000000, 0x0000000100000000)
  region size 1024K, 1 young (1024K), 1 survivors (1024K)
 Metaspace       used 10654K, capacity 10921K, committed 11008K, reserved 264192K
  class space    used 1116K, capacity 1193K, committed 1280K, reserved 253952K
}
Event: 4.043 GC heap before
{Heap before GC invocations=2 (full 0):
 garbage-first heap   total 65536K, used 30614K [0x00000000e0000000, 0x0000000100000000)
  region size 1024K, 24 young (24576K), 1 survivors (1024K)
 Metaspace       used 11109K, capacity 11425K, committed 11648K, reserved 264192K
  class space    used 1192K, capacity 1297K, committed 1408K, reserved 253952K
}
Event: 4.072 GC heap after
{Heap after GC invocations=3 (full 0):
 garbage-first heap   total 65536K, used 12158K [0x00000000e0000000, 0x0000000100000000)
  region size 1024K, 3 young (3072K), 3 survivors (3072K)
 Metaspace       used 11109K, capacity 11425K, committed 11648K, reserved 264192K
  class space    used 1192K, capacity 1297K, committed 1408K, reserved 253952K
}
Event: 7.688 GC heap before
{Heap before GC invocations=3 (full 0):
 garbage-first heap   total 65536K, used 37758K [0x00000000e0000000, 0x0000000100000000)
  region size 1024K, 28 young (28672K), 3 survivors (3072K)
 Metaspace       used 17478K, capacity 17911K, committed 18176K, reserved 270336K
  class space    used 2089K, capacity 2218K, committed 2304K, reserved 253952K
}
Event: 7.726 GC heap after
{Heap after GC invocations=4 (full 0):
 garbage-first heap   total 65536K, used 14500K [0x00000000e0000000, 0x0000000100000000)
  region size 1024K, 3 young (3072K), 3 survivors (3072K)
 Metaspace       used 17478K, capacity 17911K, committed 18176K, reserved 270336K
  class space    used 2089K, capacity 2218K, committed 2304K, reserved 253952K
}
Event: 8.790 GC heap before
{Heap before GC invocations=4 (full 0):
 garbage-first heap   total 65536K, used 38052K [0x00000000e0000000, 0x0000000100000000)
  region size 1024K, 27 young (27648K), 3 survivors (3072K)
 Metaspace       used 20730K, capacity 21167K, committed 21248K, reserved 272384K
  class space    used 2614K, capacity 2775K, committed 2816K, reserved 253952K
}
Event: 8.813 GC heap after
{Heap after GC invocations=5 (full 0):
 garbage-first heap   total 65536K, used 15751K [0x00000000e0000000, 0x0000000100000000)
  region size 1024K, 2 young (2048K), 2 survivors (2048K)
 Metaspace       used 20730K, capacity 21167K, committed 21248K, reserved 272384K
  class space    used 2614K, capacity 2775K, committed 2816K, reserved 253952K
}
Event: 10.177 GC heap before
{Heap before GC invocations=6 (full 0):
 garbage-first heap   total 65536K, used 41351K [0x00000000e0000000, 0x0000000100000000)
  region size 1024K, 28 young (28672K), 2 survivors (2048K)
 Metaspace       used 25030K, capacity 25533K, committed 25728K, reserved 276480K
  class space    used 3222K, capacity 3367K, committed 3456K, reserved 253952K
}
Event: 10.188 GC heap after
{Heap after GC invocations=7 (full 0):
 garbage-first heap   total 65536K, used 16654K [0x00000000e0000000, 0x0000000100000000)
  region size 1024K, 3 young (3072K), 3 survivors (3072K)
 Metaspace       used 25030K, capacity 25533K, committed 25728K, reserved 276480K
  class space    used 3222K, capacity 3367K, committed 3456K, reserved 253952K
}
Event: 11.794 GC heap before
{Heap before GC invocations=7 (full 0):
 garbage-first heap   total 65536K, used 44302K [0x00000000e0000000, 0x0000000100000000)
  region size 1024K, 31 young (31744K), 3 survivors (3072K)
 Metaspace       used 30150K, capacity 30803K, committed 30848K, reserved 282624K
  class space    used 3728K, capacity 3926K, committed 3968K, reserved 253952K
}
Event: 11.819 GC heap after
{Heap after GC invocations=8 (full 0):
 garbage-first heap   total 65536K, used 18979K [0x00000000e0000000, 0x0000000100000000)
  region size 1024K, 4 young (4096K), 4 survivors (4096K)
 Metaspace       used 30150K, capacity 30803K, committed 30848K, reserved 282624K
  class space    used 3728K, capacity 3926K, committed 3968K, reserved 253952K
}

