# JRE version: OpenJDK Runtime Environment (11.0.6+10) (build 11.0.6+10)
# Java VM: OpenJDK 64-Bit Server VM (11.0.6+10, mixed mode, tiered, compressed oops, g1 gc, windows-amd64)
Heap:
 garbage-first heap   total 65536K, used 24688K [0x00000000e0000000, 0x0000000100000000)
  region size 1024K, 12 young (12288K), 3 survivors (3072K)
 Metaspace       used 26775K, capacity 27331K, committed 27392K, reserved 278528K
  class space    used 3413K, capacity 3560K, committed 3584K, reserved 253952K
GC Heap History (12 events):
Event: 2.274 GC heap before
{Heap before GC invocations=0 (full 0):
 garbage-first heap   total 65536K, used 16384K [0x00000000e0000000, 0x0000000100000000)
  region size 1024K, 14 young (14336K), 0 survivors (0K)
 Metaspace       used 9578K, capacity 9842K, committed 10112K, reserved 264192K
  class space    used 973K, capacity 1026K, committed 1152K, reserved 253952K
}
Event: 2.296 GC heap after
{Heap after GC invocations=1 (full 0):
 garbage-first heap   total 65536K, used 7332K [0x00000000e0000000, 0x0000000100000000)
  region size 1024K, 2 young (2048K), 2 survivors (2048K)
 Metaspace       used 9578K, capacity 9842K, committed 10112K, reserved 264192K
  class space    used 973K, capacity 1026K, committed 1152K, reserved 253952K
}
Event: 3.039 GC heap before
{Heap before GC invocations=1 (full 0):
 garbage-first heap   total 65536K, used 17572K [0x00000000e0000000, 0x0000000100000000)
  region size 1024K, 12 young (12288K), 2 survivors (2048K)
 Metaspace       used 10655K, capacity 10921K, committed 11008K, reserved 264192K
  class space    used 1116K, capacity 1193K, committed 1280K, reserved 253952K
}
Event: 3.054 GC heap after
{Heap after GC invocations=2 (full 0):
 garbage-first heap   total 65536K, used 7848K [0x00000000e0000000, 0x0000000100000000)
  region size 1024K, 1 young (1024K), 1 survivors (1024K)
 Metaspace       used 10655K, capacity 10921K, committed 11008K, reserved 264192K
  class space    used 1116K, capacity 1193K, committed 1280K, reserved 253952K
}
Event: 4.331 GC heap before
{Heap before GC invocations=2 (full 0):
 garbage-first heap   total 65536K, used 30376K [0x00000000e0000000, 0x0000000100000000)
  region size 1024K, 24 young (24576K), 1 survivors (1024K)
 Metaspace       used 11108K, capacity 11425K, committed 11648K, reserved 264192K
  class space    used 1193K, capacity 1297K, committed 1408K, reserved 253952K
}
Event: 4.350 GC heap after
{Heap after GC invocations=3 (full 0):
 garbage-first heap   total 65536K, used 12157K [0x00000000e0000000, 0x0000000100000000)
  region size 1024K, 3 young (3072K), 3 survivors (3072K)
 Metaspace       used 11108K, capacity 11425K, committed 11648K, reserved 264192K
  class space    used 1193K, capacity 1297K, committed 1408K, reserved 253952K
}
Event: 7.801 GC heap before
{Heap before GC invocations=3 (full 0):
 garbage-first heap   total 65536K, used 38781K [0x00000000e0000000, 0x0000000100000000)
  region size 1024K, 29 young (29696K), 3 survivors (3072K)
 Metaspace       used 17692K, capacity 18071K, committed 18176K, reserved 270336K
  class space    used 2123K, capacity 2250K, committed 2304K, reserved 253952K
}
Event: 7.828 GC heap after
{Heap after GC invocations=4 (full 0):
 garbage-first heap   total 65536K, used 14420K [0x00000000e0000000, 0x0000000100000000)
  region size 1024K, 3 young (3072K), 3 survivors (3072K)
 Metaspace       used 17692K, capacity 18071K, committed 18176K, reserved 270336K
  class space    used 2123K, capacity 2250K, committed 2304K, reserved 253952K
}
Event: 9.002 GC heap before
{Heap before GC invocations=4 (full 0):
 garbage-first heap   total 65536K, used 36948K [0x00000000e0000000, 0x0000000100000000)
  region size 1024K, 26 young (26624K), 3 survivors (3072K)
 Metaspace       used 20676K, capacity 21167K, committed 21248K, reserved 272384K
  class space    used 2602K, capacity 2775K, committed 2816K, reserved 253952K
}
Event: 9.022 GC heap after
{Heap after GC invocations=5 (full 0):
 garbage-first heap   total 65536K, used 15530K [0x00000000e0000000, 0x0000000100000000)
  region size 1024K, 2 young (2048K), 2 survivors (2048K)
 Metaspace       used 20676K, capacity 21167K, committed 21248K, reserved 272384K
  class space    used 2602K, capacity 2775K, committed 2816K, reserved 253952K
}
Event: 10.589 GC heap before
{Heap before GC invocations=6 (full 0):
 garbage-first heap   total 65536K, used 41130K [0x00000000e0000000, 0x0000000100000000)
  region size 1024K, 28 young (28672K), 2 survivors (2048K)
 Metaspace       used 24980K, capacity 25533K, committed 25728K, reserved 276480K
  class space    used 3207K, capacity 3367K, committed 3456K, reserved 253952K
}
Event: 10.601 GC heap after
{Heap after GC invocations=7 (full 0):
 garbage-first heap   total 65536K, used 16496K [0x00000000e0000000, 0x0000000100000000)
  region size 1024K, 3 young (3072K), 3 survivors (3072K)
 Metaspace       used 24980K, capacity 25533K, committed 25728K, reserved 276480K
  class space    used 3207K, capacity 3367K, committed 3456K, reserved 253952K
}

